\BOOKMARK [0][-]{chapter*.3}{\376\377\000L\000i\000s\000t\000\040\000o\000f\000\040\000T\000a\000b\000l\000e\000s}{}% 1
\BOOKMARK [0][-]{chapter*.4}{\376\377\000L\000i\000s\000t\000\040\000o\000f\000\040\000F\000i\000g\000u\000r\000e\000s}{}% 2
\BOOKMARK [0][-]{chapter.1}{\376\377\000I\000n\000t\000r\000o\000d\000u\000c\000t\000i\000o\000n}{}% 3
\BOOKMARK [1][-]{section.1.1}{\376\377\000T\000h\000e\000\040\000c\000o\000m\000p\000l\000e\000x\000i\000t\000y\000\040\000o\000f\000\040\000a\000e\000r\000o\000s\000o\000l\000s\000\040\000a\000n\000d\000\040\000e\000n\000v\000i\000r\000o\000n\000m\000e\000n\000t\000a\000l\000\040\000f\000e\000e\000d\000b\000a\000c\000k\000s}{chapter.1}% 4
\BOOKMARK [1][-]{section.1.2}{\376\377\000S\000p\000a\000t\000i\000a\000l\000\040\000h\000e\000t\000e\000r\000o\000g\000e\000n\000e\000i\000t\000y\000\040\000o\000f\000\040\000a\000e\000r\000o\000s\000o\000l\000s}{chapter.1}% 5
\BOOKMARK [1][-]{section.1.3}{\376\377\000I\000m\000p\000a\000c\000t\000s\000\040\000o\000f\000\040\000a\000e\000r\000o\000s\000o\000l\000s\000\040\000o\000n\000\040\000c\000l\000i\000m\000a\000t\000e}{chapter.1}% 6
\BOOKMARK [1][-]{section.1.4}{\376\377\000T\000r\000e\000a\000t\000m\000e\000n\000t\000\040\000o\000f\000\040\000a\000e\000r\000o\000s\000o\000l\000s\000\040\000a\000c\000r\000o\000s\000s\000\040\000m\000o\000d\000e\000l\000i\000n\000g\000\040\000f\000r\000a\000m\000e\000w\000o\000r\000k\000s}{chapter.1}% 7
\BOOKMARK [1][-]{section.1.5}{\376\377\000O\000b\000j\000e\000c\000t\000i\000v\000e\000s\000\040\000o\000f\000\040\000t\000h\000i\000s\000\040\000t\000h\000e\000s\000i\000s}{chapter.1}% 8
\BOOKMARK [0][-]{chapter.2}{\376\377\000Q\000u\000a\000n\000t\000i\000f\000y\000i\000n\000g\000\040\000e\000m\000i\000s\000s\000i\000o\000n\000s\000\040\000s\000p\000a\000t\000i\000a\000l\000\040\000h\000e\000t\000e\000r\000o\000g\000e\000n\000e\000i\000t\000y\000\040\000a\000n\000d\000\040\000m\000i\000x\000i\000n\000g}{}% 9
\BOOKMARK [1][-]{section.2.1}{\376\377\000E\000x\000i\000s\000t\000i\000n\000g\000\040\000A\000p\000p\000r\000o\000a\000c\000h\000e\000s\000\040\000t\000o\000\040\000Q\000u\000a\000n\000t\000i\000f\000y\000i\000n\000g\000\040\000S\000p\000a\000t\000i\000a\000l\000\040\000H\000e\000t\000e\000r\000o\000g\000e\000n\000e\000i\000t\000y}{chapter.2}% 10
\BOOKMARK [2][-]{subsection.2.1.1}{\376\377\000S\000p\000a\000t\000i\000a\000l\000\040\000a\000u\000t\000o\000c\000o\000r\000r\000e\000l\000a\000t\000i\000o\000n\000\040\000a\000n\000d\000\040\000s\000e\000m\000i\000v\000a\000r\000i\000o\000g\000r\000a\000m\000s}{section.2.1}% 11
\BOOKMARK [2][-]{subsection.2.1.2}{\376\377\000F\000r\000a\000c\000t\000a\000l\000\040\000d\000i\000m\000e\000n\000s\000i\000o\000n\000s}{section.2.1}% 12
\BOOKMARK [2][-]{subsection.2.1.3}{\376\377\000L\000a\000c\000u\000n\000a\000r\000i\000t\000y}{section.2.1}% 13
\BOOKMARK [2][-]{subsection.2.1.4}{\376\377\000I\000n\000f\000o\000r\000m\000a\000t\000i\000o\000n\000\040\000e\000n\000t\000r\000o\000p\000y\000\040\000b\000a\000s\000e\000d\000\040\000m\000e\000t\000r\000i\000c\000s}{section.2.1}% 14
\BOOKMARK [2][-]{subsection.2.1.5}{\376\377\000N\000e\000a\000r\000e\000s\000t\000\040\000n\000e\000i\000g\000h\000b\000o\000r\000\040\000s\000t\000a\000t\000i\000s\000t\000i\000c\000s\000\040\000f\000o\000r\000\040\000p\000o\000i\000n\000t\000-\000b\000a\000s\000e\000d\000\040\000h\000e\000t\000e\000r\000o\000g\000e\000n\000e\000i\000t\000y}{section.2.1}% 15
\BOOKMARK [2][-]{subsection.2.1.6}{\376\377\000M\000u\000l\000t\000i\000s\000c\000a\000l\000e\000\040\000n\000o\000r\000m\000s}{section.2.1}% 16
\BOOKMARK [1][-]{section.2.2}{\376\377\000M\000e\000t\000r\000i\000c\000s\000\040\000f\000o\000r\000\040\000q\000u\000a\000n\000t\000i\000f\000y\000i\000n\000g\000\040\000t\000h\000e\000\040\000m\000i\000x\000i\000n\000g\000\040\000o\000f\000\040\000r\000e\000a\000c\000t\000i\000v\000e\000\040\000c\000o\000m\000p\000o\000u\000n\000d\000s}{chapter.2}% 17
\BOOKMARK [2][-]{subsection.2.2.1}{\376\377\000S\000e\000g\000r\000e\000g\000a\000t\000i\000o\000n\000\040\000i\000n\000t\000e\000n\000s\000i\000t\000y}{section.2.2}% 18
\BOOKMARK [2][-]{subsection.2.2.2}{\376\377\000D\000a\000m\000k\000\366\000h\000l\000e\000r\000\040\000n\000u\000m\000b\000e\000r}{section.2.2}% 19
\BOOKMARK [1][-]{section.2.3}{\376\377\000A\000\040\000n\000o\000v\000e\000l\000\040\000a\000p\000p\000r\000o\000a\000c\000h\000\040\000t\000o\000\040\000q\000u\000a\000n\000t\000i\000f\000y\000i\000n\000g\000\040\000s\000p\000a\000t\000i\000a\000l\000\040\000h\000e\000t\000e\000r\000o\000g\000e\000n\000e\000i\000t\000y}{chapter.2}% 20
\BOOKMARK [2][-]{subsection.2.3.1}{\376\377\000M\000e\000t\000r\000i\000c\000\040\000d\000e\000f\000i\000n\000i\000t\000i\000o\000n}{section.2.3}% 21
\BOOKMARK [2][-]{subsection.2.3.2}{\376\377\000C\000o\000m\000p\000u\000t\000a\000t\000i\000o\000n\000a\000l\000\040\000m\000e\000t\000h\000o\000d\000s\000\040\000f\000o\000r\000\040\000c\000o\000m\000p\000u\000t\000i\000n\000g\000\040\000t\000h\000e\000\040\000s\000p\000a\000t\000i\000a\000l\000\040\000h\000e\000t\000e\000r\000o\000g\000e\000n\000e\000i\000t\000y\000\040\000m\000e\000t\000r\000i\000c}{section.2.3}% 22
\BOOKMARK [2][-]{subsection.2.3.3}{\376\377\000E\000x\000a\000m\000p\000l\000e\000\040\000c\000a\000l\000c\000u\000l\000a\000t\000i\000o\000n\000s\000\040\000f\000o\000r\000\040\000e\000m\000i\000s\000s\000i\000o\000n\000\040\000p\000a\000t\000t\000e\000r\000n\000s}{section.2.3}% 23
\BOOKMARK [0][-]{chapter.3}{\376\377\000M\000o\000d\000e\000l\000i\000n\000g\000\040\000t\000o\000o\000l\000s}{}% 24
\BOOKMARK [1][-]{section.3.1}{\376\377\000L\000a\000r\000g\000e\000-\000e\000d\000d\000y\000\040\000s\000i\000m\000u\000l\000a\000t\000i\000o\000n\000s}{chapter.3}% 25
\BOOKMARK [2][-]{subsection.3.1.1}{\376\377\000S\000u\000b\000-\000g\000r\000i\000d\000\040\000s\000c\000a\000l\000e\000\040\000p\000a\000r\000a\000m\000e\000t\000e\000r\000i\000z\000a\000t\000i\000o\000n\000s}{section.3.1}% 26
\BOOKMARK [2][-]{subsection.3.1.2}{\376\377\000C\000o\000m\000p\000u\000t\000a\000t\000i\000o\000n\000a\000l\000\040\000d\000o\000m\000a\000i\000n}{section.3.1}% 27
\BOOKMARK [2][-]{subsection.3.1.3}{\376\377\000M\000e\000t\000e\000o\000r\000o\000l\000o\000g\000i\000c\000a\000l\000\040\000I\000n\000i\000t\000i\000a\000l\000\040\000C\000o\000n\000d\000i\000t\000i\000o\000n\000s}{section.3.1}% 28
\BOOKMARK [2][-]{subsection.3.1.4}{\376\377\000S\000i\000m\000u\000l\000a\000t\000i\000o\000n\000\040\000s\000p\000i\000n\000-\000u\000p}{section.3.1}% 29
\BOOKMARK [1][-]{section.3.2}{\376\377\000G\000a\000s\000\040\000p\000h\000a\000s\000e\000\040\000s\000i\000m\000u\000l\000a\000t\000i\000o\000n\000s}{chapter.3}% 30
\BOOKMARK [2][-]{subsection.3.2.1}{\376\377\000C\000h\000e\000m\000i\000c\000a\000l\000\040\000m\000e\000c\000h\000a\000n\000i\000s\000m}{section.3.2}% 31
\BOOKMARK [2][-]{subsection.3.2.2}{\376\377\000I\000n\000i\000t\000i\000a\000l\000\040\000c\000o\000n\000d\000i\000t\000i\000o\000n\000s\000\040\000a\000n\000d\000\040\000e\000m\000i\000s\000s\000i\000o\000n\000s}{section.3.2}% 32
\BOOKMARK [1][-]{section.3.3}{\376\377\000M\000u\000l\000t\000i\000p\000h\000a\000s\000e\000\040\000s\000i\000m\000u\000l\000a\000t\000i\000o\000n\000s}{chapter.3}% 33
\BOOKMARK [2][-]{subsection.3.3.1}{\376\377\000C\000h\000e\000m\000i\000c\000a\000l\000\040\000m\000e\000c\000h\000a\000n\000i\000s\000m}{section.3.3}% 34
\BOOKMARK [2][-]{subsection.3.3.2}{\376\377\000A\000e\000r\000o\000s\000o\000l\000\040\000r\000e\000p\000r\000e\000s\000e\000n\000t\000a\000t\000i\000o\000n}{section.3.3}% 35
\BOOKMARK [2][-]{subsection.3.3.3}{\376\377\000I\000n\000i\000t\000i\000a\000l\000\040\000c\000o\000n\000d\000i\000t\000i\000o\000n\000s\000\040\000a\000n\000d\000\040\000e\000m\000i\000s\000s\000i\000o\000n\000s}{section.3.3}% 36
\BOOKMARK [0][-]{chapter.4}{\376\377\000I\000m\000p\000a\000c\000t\000s\000\040\000o\000f\000\040\000e\000m\000i\000s\000s\000i\000o\000n\000s\000\040\000s\000p\000a\000t\000i\000a\000l\000\040\000h\000e\000t\000e\000r\000o\000g\000e\000n\000e\000i\000t\000y\000\040\000o\000n\000\040\000g\000a\000s\000-\000p\000h\000a\000s\000e\000\040\000r\000e\000a\000c\000t\000i\000o\000n\000s}{}% 37
\BOOKMARK [1][-]{section.4.1}{\376\377\000S\000i\000m\000u\000l\000a\000t\000e\000d\000\040\000e\000m\000i\000s\000s\000i\000o\000n\000\040\000s\000c\000e\000n\000a\000r\000i\000o\000s}{chapter.4}% 38
\BOOKMARK [1][-]{section.4.2}{\376\377\000R\000e\000s\000u\000l\000t\000s}{chapter.4}% 39
\BOOKMARK [2][-]{subsection.4.2.1}{\376\377\000O\000z\000o\000n\000e\000\040\000c\000r\000o\000s\000s\000\040\000s\000e\000c\000t\000i\000o\000n\000s}{section.4.2}% 40
\BOOKMARK [2][-]{subsection.4.2.2}{\376\377\000S\000p\000a\000t\000i\000o\000-\000t\000e\000m\000p\000o\000r\000a\000l\000\040\000t\000r\000e\000n\000d\000s\000\040\000i\000n\000\040\000o\000z\000o\000n\000e\000\040\000a\000n\000d\000\040\000i\000t\000s\000\040\000p\000r\000e\000c\000u\000r\000s\000o\000r\000s}{section.4.2}% 41
\BOOKMARK [2][-]{subsection.4.2.3}{\376\377\000S\000p\000a\000t\000i\000a\000l\000\040\000h\000e\000t\000e\000r\000o\000g\000e\000n\000e\000i\000t\000y\000\040\000i\000n\000\040\000t\000h\000e\000\040\000a\000t\000m\000o\000s\000p\000h\000e\000r\000e\000\040\000o\000f\000\040\000o\000z\000o\000n\000e\000\040\000a\000n\000d\000\040\000i\000t\000s\000\040\000p\000r\000e\000c\000u\000r\000s\000o\000r\000s}{section.4.2}% 42
\BOOKMARK [1][-]{section.4.3}{\376\377\000D\000i\000s\000c\000u\000s\000s\000i\000o\000n}{chapter.4}% 43
\BOOKMARK [0][-]{chapter.5}{\376\377\000I\000m\000p\000a\000c\000t\000s\000\040\000o\000f\000\040\000e\000m\000i\000s\000s\000i\000o\000n\000s\000\040\000s\000p\000a\000t\000i\000a\000l\000\040\000h\000e\000t\000e\000r\000o\000g\000e\000n\000e\000i\000t\000y\000\040\000o\000n\000\040\000a\000e\000r\000o\000s\000o\000l\000\040\000p\000r\000o\000p\000e\000r\000t\000i\000e\000s\000\040\000a\000n\000d\000\040\000C\000C\000N\000\040\000a\000c\000t\000i\000v\000i\000t\000y}{}% 44
\BOOKMARK [1][-]{section.5.1}{\376\377\000I\000d\000e\000a\000l\000\040\000c\000o\000a\000g\000u\000l\000a\000t\000i\000o\000n\000\040\000r\000u\000n\000s}{chapter.5}% 45
\BOOKMARK [1][-]{section.5.2}{\376\377\000F\000u\000l\000l\000\040\000m\000u\000l\000t\000i\000p\000h\000a\000s\000e\000\040\000c\000h\000e\000m\000i\000s\000t\000r\000y\000\040\000r\000u\000n\000s}{chapter.5}% 46
\BOOKMARK [2][-]{subsection.5.2.1}{\376\377\000a\000e\000r\000o\000s\000o\000l\000\040\000s\000i\000z\000e\000\040\000d\000i\000s\000t\000r\000i\000b\000u\000t\000i\000o\000n\000s}{section.5.2}% 47
\BOOKMARK [2][-]{subsection.5.2.2}{\376\377\000a\000e\000r\000o\000s\000o\000l\000\040\000c\000o\000m\000p\000o\000s\000i\000t\000i\000o\000n}{section.5.2}% 48
\BOOKMARK [2][-]{subsection.5.2.3}{\376\377\000a\000e\000r\000o\000s\000o\000l\000\040\000m\000i\000x\000i\000n\000g\000\040\000s\000t\000a\000t\000e}{section.5.2}% 49
\BOOKMARK [2][-]{subsection.5.2.4}{\376\377\000c\000c\000n}{section.5.2}% 50
\BOOKMARK [2][-]{subsection.5.2.5}{\376\377\000R\000u\000n\000s\000\040\000w\000i\000t\000h\000o\000u\000t\000\040\000a\000m\000m\000o\000n\000i\000a}{section.5.2}% 51
\BOOKMARK [0][-]{chapter.6}{\376\377\000C\000o\000n\000c\000l\000u\000s\000i\000o\000n\000s}{}% 52
\BOOKMARK [0][-]{chapter*.37}{\376\377\000R\000e\000f\000e\000r\000e\000n\000c\000e\000s}{}% 53
