This is pdfTeX, Version 3.141592653-2.6-1.40.26 (TeX Live 2024) (preloaded format=pdflatex 2024.4.29)  10 JUN 2024 17:07
entering extended mode
 restricted \write18 enabled.
 file:line:error style messages enabled.
 %&-line parsing enabled.
**main.tex
(./main.tex
LaTeX2e <2023-11-01> patch level 1
L3 programming layer <2024-02-20>
(./uiuc_thesis_template/uiucthesis2021.cls

LaTeX Warning: You have requested document class `./uiuc_thesis_template/uiucth
esis2021',
               but the document class provides `uiucthesis2021'.

Document Class: uiucthesis2021 2021/09/01 v3.1 UIUC Thesis
(/usr/local/texlive/2024/texmf-dist/tex/latex/base/book.cls
Document Class: book 2023/05/17 v1.4n Standard LaTeX document class
(/usr/local/texlive/2024/texmf-dist/tex/latex/base/bk11.clo
File: bk11.clo 2023/05/17 v1.4n Standard LaTeX file (size option)
)
\c@part=\count188
\c@chapter=\count189
\c@section=\count190
\c@subsection=\count191
\c@subsubsection=\count192
\c@paragraph=\count193
\c@subparagraph=\count194
\c@figure=\count195
\c@table=\count196
\abovecaptionskip=\skip48
\belowcaptionskip=\skip49
\bibindent=\dimen140
)
(/usr/local/texlive/2024/texmf-dist/tex/latex/setspace/setspace.sty
Package: setspace 2022/12/04 v6.7b set line spacing
)
(/usr/local/texlive/2024/texmf-dist/tex/generic/babel/babel.sty
Package: babel 2024/02/07 v24.2 The Babel package
\babel@savecnt=\count197
\U@D=\dimen141
\l@unhyphenated=\language89

(/usr/local/texlive/2024/texmf-dist/tex/generic/babel/txtbabel.def)
\bbl@readstream=\read2
\bbl@dirlevel=\count198

(/usr/local/texlive/2024/texmf-dist/tex/generic/babel-english/english.ldf
Language: english 2017/06/06 v3.3r English support from the babel system
Package babel Info: Hyphen rules for 'canadian' set to \l@english
(babel)             (\language0). Reported on input line 102.
Package babel Info: Hyphen rules for 'australian' set to \l@ukenglish
(babel)             (\language23). Reported on input line 105.
Package babel Info: Hyphen rules for 'newzealand' set to \l@ukenglish
(babel)             (\language23). Reported on input line 108.
))
(/usr/local/texlive/2024/texmf-dist/tex/generic/babel/locale/en/babel-english.t
ex
Package babel Info: Importing font and identification data for english
(babel)             from babel-en.ini. Reported on input line 11.
) (/usr/local/texlive/2024/texmf-dist/tex/latex/titlesec/titletoc.sty
Package: titletoc 2023/10/27 v2.16 TOC entries
\ttl@leftsep=\dimen142
)
(/usr/local/texlive/2024/texmf-dist/tex/latex/geometry/geometry.sty
Package: geometry 2020/01/02 v5.9 Page Geometry

(/usr/local/texlive/2024/texmf-dist/tex/latex/graphics/keyval.sty
Package: keyval 2022/05/29 v1.15 key=value parser (DPC)
\KV@toks@=\toks17
)
(/usr/local/texlive/2024/texmf-dist/tex/generic/iftex/ifvtex.sty
Package: ifvtex 2019/10/25 v1.7 ifvtex legacy package. Use iftex instead.

(/usr/local/texlive/2024/texmf-dist/tex/generic/iftex/iftex.sty
Package: iftex 2022/02/03 v1.0f TeX engine tests
))
\Gm@cnth=\count199
\Gm@cntv=\count266
\c@Gm@tempcnt=\count267
\Gm@bindingoffset=\dimen143
\Gm@wd@mp=\dimen144
\Gm@odd@mp=\dimen145
\Gm@even@mp=\dimen146
\Gm@layoutwidth=\dimen147
\Gm@layoutheight=\dimen148
\Gm@layouthoffset=\dimen149
\Gm@layoutvoffset=\dimen150
\Gm@dimlist=\toks18
)
(/usr/local/texlive/2024/texmf-dist/tex/latex/fancyhdr/fancyhdr.sty
Package: fancyhdr 2022/11/09 v4.1 Extensive control of page headers and footers

\f@nch@headwidth=\skip50
\f@nch@O@elh=\skip51
\f@nch@O@erh=\skip52
\f@nch@O@olh=\skip53
\f@nch@O@orh=\skip54
\f@nch@O@elf=\skip55
\f@nch@O@erf=\skip56
\f@nch@O@olf=\skip57
\f@nch@O@orf=\skip58
))
(/usr/local/texlive/2024/texmf-dist/tex/latex/base/inputenc.sty
Package: inputenc 2021/02/14 v1.3d Input encoding file
\inpenc@prehook=\toks19
\inpenc@posthook=\toks20
)
(/usr/local/texlive/2024/texmf-dist/tex/latex/csquotes/csquotes.sty
Package: csquotes 2022-09-14 v5.2n context-sensitive quotations (JAW)

(/usr/local/texlive/2024/texmf-dist/tex/latex/etoolbox/etoolbox.sty
Package: etoolbox 2020/10/05 v2.5k e-TeX tools for LaTeX (JAW)
\etb@tempcnta=\count268
)
\csq@reset=\count269
\csq@gtype=\count270
\csq@glevel=\count271
\csq@qlevel=\count272
\csq@maxlvl=\count273
\csq@tshold=\count274
\csq@ltx@everypar=\toks21

(/usr/local/texlive/2024/texmf-dist/tex/latex/csquotes/csquotes.def
File: csquotes.def 2022-09-14 v5.2n csquotes generic definitions (JAW)
)
Package csquotes Info: Trying to load configuration file 'csquotes.cfg'...
Package csquotes Info: ... configuration file loaded successfully.

(/usr/local/texlive/2024/texmf-dist/tex/latex/csquotes/csquotes.cfg
File: csquotes.cfg 
))
(/usr/local/texlive/2024/texmf-dist/tex/latex/microtype/microtype.sty
Package: microtype 2023/03/13 v3.1a Micro-typographical refinements (RS)
\MT@toks=\toks22
\MT@tempbox=\box51
\MT@count=\count275
LaTeX Info: Redefining \noprotrusionifhmode on input line 1059.
LaTeX Info: Redefining \leftprotrusion on input line 1060.
\MT@prot@toks=\toks23
LaTeX Info: Redefining \rightprotrusion on input line 1078.
LaTeX Info: Redefining \textls on input line 1368.
\MT@outer@kern=\dimen151
LaTeX Info: Redefining \textmicrotypecontext on input line 1988.
\MT@listname@count=\count276

(/usr/local/texlive/2024/texmf-dist/tex/latex/microtype/microtype-pdftex.def
File: microtype-pdftex.def 2023/03/13 v3.1a Definitions specific to pdftex (RS)

LaTeX Info: Redefining \lsstyle on input line 902.
LaTeX Info: Redefining \lslig on input line 902.
\MT@outer@space=\skip59
)
Package microtype Info: Loading configuration file microtype.cfg.

(/usr/local/texlive/2024/texmf-dist/tex/latex/microtype/microtype.cfg
File: microtype.cfg 2023/03/13 v3.1a microtype main configuration file (RS)
))
(/usr/local/texlive/2024/texmf-dist/tex/latex/amsmath/amsmath.sty
Package: amsmath 2023/05/13 v2.17o AMS math features
\@mathmargin=\skip60

For additional information on amsmath, use the `?' option.
(/usr/local/texlive/2024/texmf-dist/tex/latex/amsmath/amstext.sty
Package: amstext 2021/08/26 v2.01 AMS text

(/usr/local/texlive/2024/texmf-dist/tex/latex/amsmath/amsgen.sty
File: amsgen.sty 1999/11/30 v2.0 generic functions
\@emptytoks=\toks24
\ex@=\dimen152
))
(/usr/local/texlive/2024/texmf-dist/tex/latex/amsmath/amsbsy.sty
Package: amsbsy 1999/11/29 v1.2d Bold Symbols
\pmbraise@=\dimen153
)
(/usr/local/texlive/2024/texmf-dist/tex/latex/amsmath/amsopn.sty
Package: amsopn 2022/04/08 v2.04 operator names
)
\inf@bad=\count277
LaTeX Info: Redefining \frac on input line 234.
\uproot@=\count278
\leftroot@=\count279
LaTeX Info: Redefining \overline on input line 399.
LaTeX Info: Redefining \colon on input line 410.
\classnum@=\count280
\DOTSCASE@=\count281
LaTeX Info: Redefining \ldots on input line 496.
LaTeX Info: Redefining \dots on input line 499.
LaTeX Info: Redefining \cdots on input line 620.
\Mathstrutbox@=\box52
\strutbox@=\box53
LaTeX Info: Redefining \big on input line 722.
LaTeX Info: Redefining \Big on input line 723.
LaTeX Info: Redefining \bigg on input line 724.
LaTeX Info: Redefining \Bigg on input line 725.
\big@size=\dimen154
LaTeX Font Info:    Redeclaring font encoding OML on input line 743.
LaTeX Font Info:    Redeclaring font encoding OMS on input line 744.
\macc@depth=\count282
LaTeX Info: Redefining \bmod on input line 905.
LaTeX Info: Redefining \pmod on input line 910.
LaTeX Info: Redefining \smash on input line 940.
LaTeX Info: Redefining \relbar on input line 970.
LaTeX Info: Redefining \Relbar on input line 971.
\c@MaxMatrixCols=\count283
\dotsspace@=\muskip16
\c@parentequation=\count284
\dspbrk@lvl=\count285
\tag@help=\toks25
\row@=\count286
\column@=\count287
\maxfields@=\count288
\andhelp@=\toks26
\eqnshift@=\dimen155
\alignsep@=\dimen156
\tagshift@=\dimen157
\tagwidth@=\dimen158
\totwidth@=\dimen159
\lineht@=\dimen160
\@envbody=\toks27
\multlinegap=\skip61
\multlinetaggap=\skip62
\mathdisplay@stack=\toks28
LaTeX Info: Redefining \[ on input line 2953.
LaTeX Info: Redefining \] on input line 2954.
)
(/usr/local/texlive/2024/texmf-dist/tex/latex/amscls/amsthm.sty
Package: amsthm 2020/05/29 v2.20.6
\thm@style=\toks29
\thm@bodyfont=\toks30
\thm@headfont=\toks31
\thm@notefont=\toks32
\thm@headpunct=\toks33
\thm@preskip=\skip63
\thm@postskip=\skip64
\thm@headsep=\skip65
\dth@everypar=\toks34
)
(/usr/local/texlive/2024/texmf-dist/tex/latex/amsfonts/amssymb.sty
Package: amssymb 2013/01/14 v3.01 AMS font symbols

(/usr/local/texlive/2024/texmf-dist/tex/latex/amsfonts/amsfonts.sty
Package: amsfonts 2013/01/14 v3.01 Basic AMSFonts support
\symAMSa=\mathgroup4
\symAMSb=\mathgroup5
LaTeX Font Info:    Redeclaring math symbol \hbar on input line 98.
LaTeX Font Info:    Overwriting math alphabet `\mathfrak' in version `bold'
(Font)                  U/euf/m/n --> U/euf/b/n on input line 106.
))
(/usr/local/texlive/2024/texmf-dist/tex/latex/hyperref/hyperref.sty
Package: hyperref 2024-01-20 v7.01h Hypertext links for LaTeX

(/usr/local/texlive/2024/texmf-dist/tex/latex/kvsetkeys/kvsetkeys.sty
Package: kvsetkeys 2022-10-05 v1.19 Key value parser (HO)
)
(/usr/local/texlive/2024/texmf-dist/tex/generic/kvdefinekeys/kvdefinekeys.sty
Package: kvdefinekeys 2019-12-19 v1.6 Define keys (HO)
)
(/usr/local/texlive/2024/texmf-dist/tex/generic/pdfescape/pdfescape.sty
Package: pdfescape 2019/12/09 v1.15 Implements pdfTeX's escape features (HO)

(/usr/local/texlive/2024/texmf-dist/tex/generic/ltxcmds/ltxcmds.sty
Package: ltxcmds 2023-12-04 v1.26 LaTeX kernel commands for general use (HO)
)
(/usr/local/texlive/2024/texmf-dist/tex/generic/pdftexcmds/pdftexcmds.sty
Package: pdftexcmds 2020-06-27 v0.33 Utility functions of pdfTeX for LuaTeX (HO
)

(/usr/local/texlive/2024/texmf-dist/tex/generic/infwarerr/infwarerr.sty
Package: infwarerr 2019/12/03 v1.5 Providing info/warning/error messages (HO)
)
Package pdftexcmds Info: \pdf@primitive is available.
Package pdftexcmds Info: \pdf@ifprimitive is available.
Package pdftexcmds Info: \pdfdraftmode found.
))
(/usr/local/texlive/2024/texmf-dist/tex/latex/hycolor/hycolor.sty
Package: hycolor 2020-01-27 v1.10 Color options for hyperref/bookmark (HO)
)
(/usr/local/texlive/2024/texmf-dist/tex/latex/auxhook/auxhook.sty
Package: auxhook 2019-12-17 v1.6 Hooks for auxiliary files (HO)
)
(/usr/local/texlive/2024/texmf-dist/tex/latex/hyperref/nameref.sty
Package: nameref 2023-11-26 v2.56 Cross-referencing by name of section

(/usr/local/texlive/2024/texmf-dist/tex/latex/refcount/refcount.sty
Package: refcount 2019/12/15 v3.6 Data extraction from label references (HO)
)
(/usr/local/texlive/2024/texmf-dist/tex/generic/gettitlestring/gettitlestring.s
ty
Package: gettitlestring 2019/12/15 v1.6 Cleanup title references (HO)
 (/usr/local/texlive/2024/texmf-dist/tex/latex/kvoptions/kvoptions.sty
Package: kvoptions 2022-06-15 v3.15 Key value format for package options (HO)
))
\c@section@level=\count289
)
\@linkdim=\dimen161
\Hy@linkcounter=\count290
\Hy@pagecounter=\count291

(/usr/local/texlive/2024/texmf-dist/tex/latex/hyperref/pd1enc.def
File: pd1enc.def 2024-01-20 v7.01h Hyperref: PDFDocEncoding definition (HO)
Now handling font encoding PD1 ...
... no UTF-8 mapping file for font encoding PD1
)
(/usr/local/texlive/2024/texmf-dist/tex/generic/intcalc/intcalc.sty
Package: intcalc 2019/12/15 v1.3 Expandable calculations with integers (HO)
)
\Hy@SavedSpaceFactor=\count292

(/usr/local/texlive/2024/texmf-dist/tex/latex/hyperref/puenc.def
File: puenc.def 2024-01-20 v7.01h Hyperref: PDF Unicode definition (HO)
Now handling font encoding PU ...
... no UTF-8 mapping file for font encoding PU
)
Package hyperref Info: Option `colorlinks' set `true' on input line 4062.
Package hyperref Info: Hyper figures OFF on input line 4179.
Package hyperref Info: Link nesting OFF on input line 4184.
Package hyperref Info: Hyper index ON on input line 4187.
Package hyperref Info: Plain pages OFF on input line 4194.
Package hyperref Info: Backreferencing OFF on input line 4199.
Package hyperref Info: Implicit mode ON; LaTeX internals redefined.
Package hyperref Info: Bookmarks ON on input line 4446.
\c@Hy@tempcnt=\count293

(/usr/local/texlive/2024/texmf-dist/tex/latex/url/url.sty
\Urlmuskip=\muskip17
Package: url 2013/09/16  ver 3.4  Verb mode for urls, etc.
)
LaTeX Info: Redefining \url on input line 4784.
\XeTeXLinkMargin=\dimen162

(/usr/local/texlive/2024/texmf-dist/tex/generic/bitset/bitset.sty
Package: bitset 2019/12/09 v1.3 Handle bit-vector datatype (HO)

(/usr/local/texlive/2024/texmf-dist/tex/generic/bigintcalc/bigintcalc.sty
Package: bigintcalc 2019/12/15 v1.5 Expandable calculations on big integers (HO
)
))
\Fld@menulength=\count294
\Field@Width=\dimen163
\Fld@charsize=\dimen164
Package hyperref Info: Hyper figures OFF on input line 6063.
Package hyperref Info: Link nesting OFF on input line 6068.
Package hyperref Info: Hyper index ON on input line 6071.
Package hyperref Info: backreferencing OFF on input line 6078.
Package hyperref Info: Link coloring ON on input line 6081.
Package hyperref Info: Link coloring with OCG OFF on input line 6088.
Package hyperref Info: PDF/A mode OFF on input line 6093.

(/usr/local/texlive/2024/texmf-dist/tex/latex/base/atbegshi-ltx.sty
Package: atbegshi-ltx 2021/01/10 v1.0c Emulation of the original atbegshi
package with kernel methods
)
\Hy@abspage=\count295
\c@Item=\count296
\c@Hfootnote=\count297
)
Package hyperref Info: Driver (autodetected): hpdftex.

(/usr/local/texlive/2024/texmf-dist/tex/latex/hyperref/hpdftex.def
File: hpdftex.def 2024-01-20 v7.01h Hyperref driver for pdfTeX

(/usr/local/texlive/2024/texmf-dist/tex/latex/base/atveryend-ltx.sty
Package: atveryend-ltx 2020/08/19 v1.0a Emulation of the original atveryend pac
kage
with kernel methods
)
\Fld@listcount=\count298
\c@bookmark@seq@number=\count299

(/usr/local/texlive/2024/texmf-dist/tex/latex/rerunfilecheck/rerunfilecheck.sty
Package: rerunfilecheck 2022-07-10 v1.10 Rerun checks for auxiliary files (HO)

(/usr/local/texlive/2024/texmf-dist/tex/generic/uniquecounter/uniquecounter.sty
Package: uniquecounter 2019/12/15 v1.4 Provide unlimited unique counter (HO)
)
Package uniquecounter Info: New unique counter `rerunfilecheck' on input line 2
85.
)
\Hy@SectionHShift=\skip66
) (/usr/local/texlive/2024/texmf-dist/tex/latex/cleveref/cleveref.sty
Package: cleveref 2018/03/27 v0.21.4 Intelligent cross-referencing
Package cleveref Info: `hyperref' support loaded on input line 2370.
LaTeX Info: Redefining \cref on input line 2370.
LaTeX Info: Redefining \Cref on input line 2370.
LaTeX Info: Redefining \crefrange on input line 2370.
LaTeX Info: Redefining \Crefrange on input line 2370.
LaTeX Info: Redefining \cpageref on input line 2370.
LaTeX Info: Redefining \Cpageref on input line 2370.
LaTeX Info: Redefining \cpagerefrange on input line 2370.
LaTeX Info: Redefining \Cpagerefrange on input line 2370.
LaTeX Info: Redefining \labelcref on input line 2370.
LaTeX Info: Redefining \labelcpageref on input line 2370.
Package cleveref Info: `amsthm' support loaded on input line 3026.
Package cleveref Info: always capitalise cross-reference names on input line 78
30.
Package cleveref Info: always capitalise cross-reference names on input line 78
52.
)
(/usr/local/texlive/2024/texmf-dist/tex/latex/biblatex/biblatex.sty
Package: biblatex 2023/03/05 v3.19 programmable bibliographies (PK/MW)

(/usr/local/texlive/2024/texmf-dist/tex/latex/logreq/logreq.sty
Package: logreq 2010/08/04 v1.0 xml request logger
\lrq@indent=\count300

(/usr/local/texlive/2024/texmf-dist/tex/latex/logreq/logreq.def
File: logreq.def 2010/08/04 v1.0 logreq spec v1.0
))
(/usr/local/texlive/2024/texmf-dist/tex/latex/base/ifthen.sty
Package: ifthen 2022/04/13 v1.1d Standard LaTeX ifthen package (DPC)
)
\c@tabx@nest=\count301
\c@listtotal=\count302
\c@listcount=\count303
\c@liststart=\count304
\c@liststop=\count305
\c@citecount=\count306
\c@citetotal=\count307
\c@multicitecount=\count308
\c@multicitetotal=\count309
\c@instcount=\count310
\c@maxnames=\count311
\c@minnames=\count312
\c@maxitems=\count313
\c@minitems=\count314
\c@citecounter=\count315
\c@maxcitecounter=\count316
\c@savedcitecounter=\count317
\c@uniquelist=\count318
\c@uniquename=\count319
\c@refsection=\count320
\c@refsegment=\count321
\c@maxextratitle=\count322
\c@maxextratitleyear=\count323
\c@maxextraname=\count324
\c@maxextradate=\count325
\c@maxextraalpha=\count326
\c@abbrvpenalty=\count327
\c@highnamepenalty=\count328
\c@lownamepenalty=\count329
\c@maxparens=\count330
\c@parenlevel=\count331
\blx@tempcnta=\count332
\blx@tempcntb=\count333
\blx@tempcntc=\count334
\c@blx@maxsection=\count335
\blx@maxsegment@0=\count336
\blx@notetype=\count337
\blx@parenlevel@text=\count338
\blx@parenlevel@foot=\count339
\blx@sectionciteorder@0=\count340
\blx@sectionciteorderinternal@0=\count341
\blx@entrysetcounter=\count342
\blx@biblioinstance=\count343
\labelnumberwidth=\skip67
\labelalphawidth=\skip68
\biblabelsep=\skip69
\bibitemsep=\skip70
\bibnamesep=\skip71
\bibinitsep=\skip72
\bibparsep=\skip73
\bibhang=\skip74
\blx@bcfin=\read3
\blx@bcfout=\write3
\blx@langwohyphens=\language90
\c@mincomprange=\count344
\c@maxcomprange=\count345
\c@mincompwidth=\count346
Package biblatex Info: Trying to load biblatex default data model...
Package biblatex Info: ... file 'blx-dm.def' found.

(/usr/local/texlive/2024/texmf-dist/tex/latex/biblatex/blx-dm.def
File: blx-dm.def 2023/03/05 v3.19 biblatex localization (PK/MW)
)
Package biblatex Info: Trying to load biblatex style data model...
Package biblatex Info: ... file 'authoryear.dbx' not found.
Package biblatex Info: Trying to load biblatex custom data model...
Package biblatex Info: ... file 'biblatex-dm.cfg' not found.
\c@afterword=\count347
\c@savedafterword=\count348
\c@annotator=\count349
\c@savedannotator=\count350
\c@author=\count351
\c@savedauthor=\count352
\c@bookauthor=\count353
\c@savedbookauthor=\count354
\c@commentator=\count355
\c@savedcommentator=\count356
\c@editor=\count357
\c@savededitor=\count358
\c@editora=\count359
\c@savededitora=\count360
\c@editorb=\count361
\c@savededitorb=\count362
\c@editorc=\count363
\c@savededitorc=\count364
\c@foreword=\count365
\c@savedforeword=\count366
\c@holder=\count367
\c@savedholder=\count368
\c@introduction=\count369
\c@savedintroduction=\count370
\c@namea=\count371
\c@savednamea=\count372
\c@nameb=\count373
\c@savednameb=\count374
\c@namec=\count375
\c@savednamec=\count376
\c@translator=\count377
\c@savedtranslator=\count378
\c@shortauthor=\count379
\c@savedshortauthor=\count380
\c@shorteditor=\count381
\c@savedshorteditor=\count382
\c@labelname=\count383
\c@savedlabelname=\count384
\c@institution=\count385
\c@savedinstitution=\count386
\c@lista=\count387
\c@savedlista=\count388
\c@listb=\count389
\c@savedlistb=\count390
\c@listc=\count391
\c@savedlistc=\count392
\c@listd=\count393
\c@savedlistd=\count394
\c@liste=\count395
\c@savedliste=\count396
\c@listf=\count397
\c@savedlistf=\count398
\c@location=\count399
\c@savedlocation=\count400
\c@organization=\count401
\c@savedorganization=\count402
\c@origlocation=\count403
\c@savedoriglocation=\count404
\c@origpublisher=\count405
\c@savedorigpublisher=\count406
\c@publisher=\count407
\c@savedpublisher=\count408
\c@language=\count409
\c@savedlanguage=\count410
\c@origlanguage=\count411
\c@savedoriglanguage=\count412
\c@pageref=\count413
\c@savedpageref=\count414
\shorthandwidth=\skip75
\shortjournalwidth=\skip76
\shortserieswidth=\skip77
\shorttitlewidth=\skip78
\shortauthorwidth=\skip79
\shorteditorwidth=\skip80
\locallabelnumberwidth=\skip81
\locallabelalphawidth=\skip82
\localshorthandwidth=\skip83
\localshortjournalwidth=\skip84
\localshortserieswidth=\skip85
\localshorttitlewidth=\skip86
\localshortauthorwidth=\skip87
\localshorteditorwidth=\skip88
Package biblatex Info: Trying to load compatibility code...
Package biblatex Info: ... file 'blx-compat.def' found.

(/usr/local/texlive/2024/texmf-dist/tex/latex/biblatex/blx-compat.def
File: blx-compat.def 2023/03/05 v3.19 biblatex compatibility (PK/MW)
)
Package biblatex Info: Trying to load generic definitions...
Package biblatex Info: ... file 'biblatex.def' found.

(/usr/local/texlive/2024/texmf-dist/tex/latex/biblatex/biblatex.def
File: biblatex.def 2023/03/05 v3.19 biblatex compatibility (PK/MW)
\c@textcitecount=\count415
\c@textcitetotal=\count416
\c@textcitemaxnames=\count417
\c@biburlbigbreakpenalty=\count418
\c@biburlbreakpenalty=\count419
\c@biburlnumpenalty=\count420
\c@biburlucpenalty=\count421
\c@biburllcpenalty=\count422
\biburlbigskip=\muskip18
\biburlnumskip=\muskip19
\biburlucskip=\muskip20
\biburllcskip=\muskip21
\c@smartand=\count423
)
Package biblatex Info: Trying to load bibliography style 'authoryear'...
Package biblatex Info: ... file 'authoryear.bbx' found.

(/usr/local/texlive/2024/texmf-dist/tex/latex/biblatex/bbx/authoryear.bbx
File: authoryear.bbx 2023/03/05 v3.19 biblatex bibliography style (PK/MW)
Package biblatex Info: Trying to load bibliography style 'standard'...
Package biblatex Info: ... file 'standard.bbx' found.

(/usr/local/texlive/2024/texmf-dist/tex/latex/biblatex/bbx/standard.bbx
File: standard.bbx 2023/03/05 v3.19 biblatex bibliography style (PK/MW)
\c@bbx:relatedcount=\count424
\c@bbx:relatedtotal=\count425
))
Package biblatex Info: Trying to load citation style 'authoryear'...
Package biblatex Info: ... file 'authoryear.cbx' found.

(/usr/local/texlive/2024/texmf-dist/tex/latex/biblatex/cbx/authoryear.cbx
File: authoryear.cbx 2023/03/05 v3.19 biblatex citation style (PK/MW)
Package biblatex Info: Redefining '\cite'.
Package biblatex Info: Redefining '\parencite'.
Package biblatex Info: Redefining '\footcite'.
Package biblatex Info: Redefining '\footcitetext'.
Package biblatex Info: Redefining '\smartcite'.
Package biblatex Info: Redefining '\textcite'.
Package biblatex Info: Redefining '\textcites'.
)
Package biblatex Info: Trying to load configuration file...
Package biblatex Info: ... file 'biblatex.cfg' found.

(/usr/local/texlive/2024/texmf-dist/tex/latex/biblatex/biblatex.cfg
File: biblatex.cfg 
)
Package biblatex Info: Input encoding 'utf8' detected.
Package biblatex Info: Document encoding is UTF8 ....

(/usr/local/texlive/2024/texmf-dist/tex/latex/l3kernel/expl3.sty
Package: expl3 2024-02-20 L3 programming layer (loader) 

(/usr/local/texlive/2024/texmf-dist/tex/latex/l3backend/l3backend-pdftex.def
File: l3backend-pdftex.def 2024-02-20 L3 backend support: PDF output (pdfTeX)
\l__color_backend_stack_int=\count426
\l__pdf_internal_box=\box54
))
Package biblatex Info: ... and expl3
(biblatex)             2024-02-20 L3 programming layer (loader) 
(biblatex)             is new enough (at least 2020/04/06),
(biblatex)             setting 'casechanger=expl3'.

(/usr/local/texlive/2024/texmf-dist/tex/latex/biblatex/blx-case-expl3.sty
(/usr/local/texlive/2024/texmf-dist/tex/latex/l3packages/xparse/xparse.sty
Package: xparse 2024-02-18 L3 Experimental document command parser
)
Package: blx-case-expl3 2023/03/05 v3.19 expl3 case changing code for biblatex
))
(/usr/local/texlive/2024/texmf-dist/tex/latex/psnfss/mathptmx.sty
Package: mathptmx 2020/03/25 PSNFSS-v9.3 Times w/ Math, improved (SPQR, WaS) 
LaTeX Font Info:    Redeclaring symbol font `operators' on input line 28.
LaTeX Font Info:    Overwriting symbol font `operators' in version `normal'
(Font)                  OT1/cmr/m/n --> OT1/ztmcm/m/n on input line 28.
LaTeX Font Info:    Overwriting symbol font `operators' in version `bold'
(Font)                  OT1/cmr/bx/n --> OT1/ztmcm/m/n on input line 28.
LaTeX Font Info:    Redeclaring symbol font `letters' on input line 29.
LaTeX Font Info:    Overwriting symbol font `letters' in version `normal'
(Font)                  OML/cmm/m/it --> OML/ztmcm/m/it on input line 29.
LaTeX Font Info:    Overwriting symbol font `letters' in version `bold'
(Font)                  OML/cmm/b/it --> OML/ztmcm/m/it on input line 29.
LaTeX Font Info:    Redeclaring symbol font `symbols' on input line 30.
LaTeX Font Info:    Overwriting symbol font `symbols' in version `normal'
(Font)                  OMS/cmsy/m/n --> OMS/ztmcm/m/n on input line 30.
LaTeX Font Info:    Overwriting symbol font `symbols' in version `bold'
(Font)                  OMS/cmsy/b/n --> OMS/ztmcm/m/n on input line 30.
LaTeX Font Info:    Redeclaring symbol font `largesymbols' on input line 31.
LaTeX Font Info:    Overwriting symbol font `largesymbols' in version `normal'
(Font)                  OMX/cmex/m/n --> OMX/ztmcm/m/n on input line 31.
LaTeX Font Info:    Overwriting symbol font `largesymbols' in version `bold'
(Font)                  OMX/cmex/m/n --> OMX/ztmcm/m/n on input line 31.
\symbold=\mathgroup6
\symitalic=\mathgroup7
LaTeX Font Info:    Redeclaring math alphabet \mathbf on input line 34.
LaTeX Font Info:    Overwriting math alphabet `\mathbf' in version `normal'
(Font)                  OT1/cmr/bx/n --> OT1/ptm/bx/n on input line 34.
LaTeX Font Info:    Overwriting math alphabet `\mathbf' in version `bold'
(Font)                  OT1/cmr/bx/n --> OT1/ptm/bx/n on input line 34.
LaTeX Font Info:    Redeclaring math alphabet \mathit on input line 35.
LaTeX Font Info:    Overwriting math alphabet `\mathit' in version `normal'
(Font)                  OT1/cmr/m/it --> OT1/ptm/m/it on input line 35.
LaTeX Font Info:    Overwriting math alphabet `\mathit' in version `bold'
(Font)                  OT1/cmr/bx/it --> OT1/ptm/m/it on input line 35.
LaTeX Info: Redefining \hbar on input line 50.
)
(/usr/local/texlive/2024/texmf-dist/tex/latex/graphics/color.sty
Package: color 2022/01/06 v1.3d Standard LaTeX Color (DPC)

(/usr/local/texlive/2024/texmf-dist/tex/latex/graphics-cfg/color.cfg
File: color.cfg 2016/01/02 v1.6 sample color configuration
)
Package color Info: Driver file: pdftex.def on input line 149.

(/usr/local/texlive/2024/texmf-dist/tex/latex/graphics-def/pdftex.def
File: pdftex.def 2022/09/22 v1.2b Graphics/color driver for pdftex
)
(/usr/local/texlive/2024/texmf-dist/tex/latex/graphics/mathcolor.ltx))
(/usr/local/texlive/2024/texmf-dist/tex/generic/soul/soul.sty
Package: soul 2023-06-14 v3.1 Permit use of UTF-8 characters in soul (HO)

(/usr/local/texlive/2024/texmf-dist/tex/generic/soul/soul-ori.sty
Package: soul-ori 2023-06-14 v3.1 letterspacing/underlining (mf)
\SOUL@word=\toks35
\SOUL@lasttoken=\toks36
\SOUL@syllable=\toks37
\SOUL@cmds=\toks38
\SOUL@buffer=\toks39
\SOUL@token=\toks40
\SOUL@syllgoal=\dimen165
\SOUL@syllwidth=\dimen166
\SOUL@charkern=\dimen167
\SOUL@hyphkern=\dimen168
\SOUL@dimen=\dimen169
\SOUL@dimeni=\dimen170
\SOUL@minus=\count427
\SOUL@comma=\count428
\SOUL@apo=\count429
\SOUL@grave=\count430
\SOUL@spaceskip=\skip89
\SOUL@ttwidth=\dimen171
\SOUL@uldp=\dimen172
\SOUL@ulht=\dimen173
)
(/usr/local/texlive/2024/texmf-dist/tex/generic/etexcmds/etexcmds.sty
Package: etexcmds 2019/12/15 v1.7 Avoid name clashes with e-TeX commands (HO)
))
(/usr/local/texlive/2024/texmf-dist/tex/latex/was/upgreek.sty
Package: upgreek 2003/02/12 v2.0 (WaS)
Package upgreek Info: Using Euler Roman for upright Greek on input line 31.
\symugrf@m=\mathgroup8
LaTeX Font Info:    Overwriting symbol font `ugrf@m' in version `bold'
(Font)                  U/eur/m/n --> U/eur/b/n on input line 38.
)
(/usr/local/texlive/2024/texmf-dist/tex/latex/graphics/graphicx.sty
Package: graphicx 2021/09/16 v1.2d Enhanced LaTeX Graphics (DPC,SPQR)

(/usr/local/texlive/2024/texmf-dist/tex/latex/graphics/graphics.sty
Package: graphics 2022/03/10 v1.4e Standard LaTeX Graphics (DPC,SPQR)

(/usr/local/texlive/2024/texmf-dist/tex/latex/graphics/trig.sty
Package: trig 2021/08/11 v1.11 sin cos tan (DPC)
)
(/usr/local/texlive/2024/texmf-dist/tex/latex/graphics-cfg/graphics.cfg
File: graphics.cfg 2016/06/04 v1.11 sample graphics configuration
)
Package graphics Info: Driver file: pdftex.def on input line 107.
)
\Gin@req@height=\dimen174
\Gin@req@width=\dimen175
)
(/usr/local/texlive/2024/texmf-dist/tex/latex/caption/caption.sty
Package: caption 2023/08/05 v3.6o Customizing captions (AR)

(/usr/local/texlive/2024/texmf-dist/tex/latex/caption/caption3.sty
Package: caption3 2023/07/31 v2.4d caption3 kernel (AR)
\caption@tempdima=\dimen176
\captionmargin=\dimen177
\caption@leftmargin=\dimen178
\caption@rightmargin=\dimen179
\caption@width=\dimen180
\caption@indent=\dimen181
\caption@parindent=\dimen182
\caption@hangindent=\dimen183
Package caption Info: Standard document class detected.
)
\c@caption@flags=\count431
\c@continuedfloat=\count432
Package caption Info: hyperref package is loaded.
)
(/usr/local/texlive/2024/texmf-dist/tex/latex/siunitx/siunitx.sty
Package: siunitx 2024-02-15 v3.3.12 A comprehensive (SI) units package
\l__siunitx_number_uncert_offset_int=\count433
\l__siunitx_number_exponent_fixed_int=\count434
\l__siunitx_number_min_decimal_int=\count435
\l__siunitx_number_min_integer_int=\count436
\l__siunitx_number_round_precision_int=\count437
\l__siunitx_number_lower_threshold_int=\count438
\l__siunitx_number_upper_threshold_int=\count439
\l__siunitx_number_group_first_int=\count440
\l__siunitx_number_group_size_int=\count441
\l__siunitx_number_group_minimum_int=\count442
\l__siunitx_angle_tmp_dim=\dimen184
\l__siunitx_angle_marker_box=\box55
\l__siunitx_angle_unit_box=\box56
\l__siunitx_compound_count_int=\count443

(/usr/local/texlive/2024/texmf-dist/tex/latex/translations/translations.sty
Package: translations 2022/02/05 v1.12 internationalization of LaTeX2e packages
 (CN)
)
\l__siunitx_table_tmp_box=\box57
\l__siunitx_table_tmp_dim=\dimen185
\l__siunitx_table_column_width_dim=\dimen186
\l__siunitx_table_integer_box=\box58
\l__siunitx_table_decimal_box=\box59
\l__siunitx_table_uncert_box=\box60
\l__siunitx_table_before_box=\box61
\l__siunitx_table_after_box=\box62
\l__siunitx_table_before_dim=\dimen187
\l__siunitx_table_carry_dim=\dimen188
\l__siunitx_unit_tmp_int=\count444
\l__siunitx_unit_position_int=\count445
\l__siunitx_unit_total_int=\count446

(/usr/local/texlive/2024/texmf-dist/tex/latex/tools/array.sty
Package: array 2023/10/16 v2.5g Tabular extension package (FMi)
\col@sep=\dimen189
\ar@mcellbox=\box63
\extrarowheight=\dimen190
\NC@list=\toks41
\extratabsurround=\skip90
\backup@length=\skip91
\ar@cellbox=\box64
))
(/usr/local/texlive/2024/texmf-dist/tex/latex/booktabs/booktabs.sty
Package: booktabs 2020/01/12 v1.61803398 Publication quality tables
\heavyrulewidth=\dimen191
\lightrulewidth=\dimen192
\cmidrulewidth=\dimen193
\belowrulesep=\dimen194
\belowbottomsep=\dimen195
\aboverulesep=\dimen196
\abovetopsep=\dimen197
\cmidrulesep=\dimen198
\cmidrulekern=\dimen199
\defaultaddspace=\dimen256
\@cmidla=\count447
\@cmidlb=\count448
\@aboverulesep=\dimen257
\@belowrulesep=\dimen258
\@thisruleclass=\count449
\@lastruleclass=\count450
\@thisrulewidth=\dimen259
)
(/usr/local/texlive/2024/texmf-dist/tex/latex/subfigure/subfigure.sty
Package: subfigure 2002/03/15 v2.1.5 subfigure package
\subfigtopskip=\skip92
\subfigcapskip=\skip93
\subfigcaptopadj=\dimen260
\subfigbottomskip=\skip94
\subfigcapmargin=\dimen261
\subfiglabelskip=\skip95
\c@subfigure=\count451
\c@lofdepth=\count452
\c@subtable=\count453
\c@lotdepth=\count454

****************************************
* Local config file subfigure.cfg used *
****************************************
(/usr/local/texlive/2024/texmf-dist/tex/latex/subfigure/subfigure.cfg)
\subfig@top=\skip96
\subfig@bottom=\skip97
)
(/usr/local/texlive/2024/texmf-dist/tex/latex/caption/subcaption.sty
Package: subcaption 2023/07/28 v1.6b Sub-captions (AR)
LaTeX Info: Redefining \subref on input line 189.
Package subcaption Info: The counter `subfigure' was already defined by
(subcaption)             an unknown document class or package on input line 238
.
Package subcaption Info: The counter `subtable' was already defined by
(subcaption)             an unknown document class or package on input line 238
.
)
(/usr/local/texlive/2024/texmf-dist/tex/latex/mhchem/mhchem.sty
Package: mhchem 2024/01/29 v4.10 for typesetting chemical formulae

(/usr/local/texlive/2024/texmf-dist/tex/latex/l3packages/l3keys2e/l3keys2e.sty
Package: l3keys2e 2024-02-18 LaTeX2e option processing using LaTeX3 keys
) (/usr/local/texlive/2024/texmf-dist/tex/latex/tools/calc.sty
Package: calc 2023/07/08 v4.3 Infix arithmetic (KKT,FJ)
\calc@Acount=\count455
\calc@Bcount=\count456
\calc@Adimen=\dimen262
\calc@Bdimen=\dimen263
\calc@Askip=\skip98
\calc@Bskip=\skip99
LaTeX Info: Redefining \setlength on input line 80.
LaTeX Info: Redefining \addtolength on input line 81.
\calc@Ccount=\count457
\calc@Cskip=\skip100
)
(/usr/local/texlive/2024/texmf-dist/tex/latex/chemgreek/chemgreek.sty
Package: chemgreek 2020/01/16 v1.1a interface for upright Greek letters for use
 in chemistry (CN)
\l__chemgreek_tmpa_int=\count458
\g__chemgreek_tmpa_int=\count459
)
\l__mhchem_ce_distanceFromLastComma_int=\count460
\__mhchem_arrow_extPgfLength_skip=\skip101
\mhchem@minispace@tmp=\skip102
\mhchem@minibackspace@tmp=\skip103
\mhchem@bondwidth=\skip104
\mhchem@bondheight=\skip105
\mhchem@smallbondwidth@tmpA=\skip106
\mhchem@smallbondwidth@tmpB=\skip107
\mhchem@smallbondwidth=\skip108
\mhchem@bondtmp@minussidebearingleft=\skip109
\mhchem@bondtmp@minussidebearingright=\skip110
\l__mhchem_option_version_int=\count461
\mhchem@option@minusmathsidebearingleft=\dimen264
\mhchem@option@minusmathsidebearingright=\dimen265
\mhchem@option@minustextsidebearingleft=\dimen266
\mhchem@option@minustextsidebearingright=\dimen267
)
(/usr/local/texlive/2024/texmf-dist/tex/latex/titlesec/titlesec.sty
Package: titlesec 2023/10/27 v2.16 Sectioning titles
\ttl@box=\box65
\beforetitleunit=\skip111
\aftertitleunit=\skip112
\ttl@plus=\dimen268
\ttl@minus=\dimen269
\ttl@toksa=\toks42
\titlewidth=\dimen270
\titlewidthlast=\dimen271
\titlewidthfirst=\dimen272
)
\c@counterforappendices=\count462
Package csquotes Info: Checking for multilingual support...
Package csquotes Info: ... found 'babel' package.
Package csquotes Info: Adjusting default style.
Package csquotes Info: Redefining alias 'default' -> 'english'.
LaTeX Font Info:    Trying to load font information for OT1+ptm on input line 5
4.

(/usr/local/texlive/2024/texmf-dist/tex/latex/psnfss/ot1ptm.fd
File: ot1ptm.fd 2001/06/04 font definitions for OT1/ptm.
) (./main.aux
(./abstract.aux) (./1-introduction.aux) (./2-spatial-het.aux)
(./3-modeling-tools.aux) (./4-spatial-het-gas-phase.aux)
(./5-spatial-het-aerosols.aux) (./6-conclusions.aux))
\openout1 = `main.aux'.

LaTeX Font Info:    Checking defaults for OML/cmm/m/it on input line 54.
LaTeX Font Info:    ... okay on input line 54.
LaTeX Font Info:    Checking defaults for OMS/cmsy/m/n on input line 54.
LaTeX Font Info:    ... okay on input line 54.
LaTeX Font Info:    Checking defaults for OT1/cmr/m/n on input line 54.
LaTeX Font Info:    ... okay on input line 54.
LaTeX Font Info:    Checking defaults for T1/cmr/m/n on input line 54.
LaTeX Font Info:    ... okay on input line 54.
LaTeX Font Info:    Checking defaults for TS1/cmr/m/n on input line 54.
LaTeX Font Info:    ... okay on input line 54.
LaTeX Font Info:    Checking defaults for OMX/cmex/m/n on input line 54.
LaTeX Font Info:    ... okay on input line 54.
LaTeX Font Info:    Checking defaults for U/cmr/m/n on input line 54.
LaTeX Font Info:    ... okay on input line 54.
LaTeX Font Info:    Checking defaults for PD1/pdf/m/n on input line 54.
LaTeX Font Info:    ... okay on input line 54.
LaTeX Font Info:    Checking defaults for PU/pdf/m/n on input line 54.
LaTeX Font Info:    ... okay on input line 54.

*geometry* driver: auto-detecting
*geometry* detected driver: pdftex
*geometry* verbose mode - [ preamble ] result:
* driver: pdftex
* paper: letterpaper
* layout: <same size as paper>
* layoutoffset:(h,v)=(0.0pt,0.0pt)
* modes: 
* h-part:(L,W,R)=(72.26999pt, 469.75502pt, 72.26999pt)
* v-part:(T,H,B)=(72.26999pt, 650.43001pt, 72.26999pt)
* \paperwidth=614.295pt
* \paperheight=794.96999pt
* \textwidth=469.75502pt
* \textheight=650.43001pt
* \oddsidemargin=0.0pt
* \evensidemargin=0.0pt
* \topmargin=-31.8738pt
* \headheight=12.0pt
* \headsep=19.8738pt
* \topskip=11.0pt
* \footskip=27.46295pt
* \marginparwidth=62.0pt
* \marginparsep=7.0pt
* \columnsep=10.0pt
* \skip\footins=10.0pt plus 4.0pt minus 2.0pt
* \hoffset=0.0pt
* \voffset=0.0pt
* \mag=1000
* \@twocolumnfalse
* \@twosidefalse
* \@mparswitchfalse
* \@reversemarginfalse
* (1in=72.27pt=25.4mm, 1cm=28.453pt)

LaTeX Info: Redefining \microtypecontext on input line 54.
Package microtype Info: Applying patch `item' on input line 54.
Package microtype Info: Applying patch `toc' on input line 54.
Package microtype Info: Applying patch `eqnum' on input line 54.
Package microtype Info: Applying patch `footnote' on input line 54.
Package microtype Info: Applying patch `verbatim' on input line 54.
Package microtype Info: Generating PDF output.
Package microtype Info: Character protrusion enabled (level 2).
Package microtype Info: Using default protrusion set `alltext'.
Package microtype Info: Automatic font expansion enabled (level 2),
(microtype)             stretch: 20, shrink: 20, step: 1, non-selected.
Package microtype Info: Using default expansion set `alltext-nott'.
LaTeX Info: Redefining \showhyphens on input line 54.
Package microtype Info: No adjustment of tracking.
Package microtype Info: No adjustment of interword spacing.
Package microtype Info: No adjustment of character kerning.
(/usr/local/texlive/2024/texmf-dist/tex/latex/microtype/mt-ptm.cfg
File: mt-ptm.cfg 2006/04/20 v1.7 microtype config. file: Times (RS)
)
Package hyperref Info: Link coloring ON on input line 54.
 (./main.out) (./main.out)
\@outlinefile=\write4
\openout4 = `main.out'.

Package biblatex Info: Trying to load language 'english'...
Package biblatex Info: ... file 'english.lbx' found.

(/usr/local/texlive/2024/texmf-dist/tex/latex/biblatex/lbx/english.lbx
File: english.lbx 2023/03/05 v3.19 biblatex localization (PK/MW)
)
Package biblatex Info: Input encoding 'utf8' detected.
Package biblatex Info: Automatic encoding selection.
(biblatex)             Assuming data encoding 'utf8'.
\openout3 = `main.bcf'.

Package biblatex Info: Trying to load bibliographic data...
Package biblatex Info: ... file 'main.bbl' found.

(./main.bbl)
Package biblatex Info: Reference section=0 on input line 54.
Package biblatex Info: Reference segment=0 on input line 54.

(/usr/local/texlive/2024/texmf-dist/tex/context/base/mkii/supp-pdf.mkii
[Loading MPS to PDF converter (version 2006.09.02).]
\scratchcounter=\count463
\scratchdimen=\dimen273
\scratchbox=\box66
\nofMPsegments=\count464
\nofMParguments=\count465
\everyMPshowfont=\toks43
\MPscratchCnt=\count466
\MPscratchDim=\dimen274
\MPnumerator=\count467
\makeMPintoPDFobject=\count468
\everyMPtoPDFconversion=\toks44
) (/usr/local/texlive/2024/texmf-dist/tex/latex/epstopdf-pkg/epstopdf-base.sty
Package: epstopdf-base 2020-01-24 v2.11 Base part for package epstopdf
Package epstopdf-base Info: Redefining graphics rule for `.eps' on input line 4
85.

(/usr/local/texlive/2024/texmf-dist/tex/latex/latexconfig/epstopdf-sys.cfg
File: epstopdf-sys.cfg 2010/07/13 v1.3 Configuration of (r)epstopdf for TeX Liv
e
))
Package caption Info: Begin \AtBeginDocument code.
Package caption Info: subfigure package is loaded.
Package caption Info: End \AtBeginDocument code.

(/usr/local/texlive/2024/texmf-dist/tex/latex/translations/translations-basic-d
ictionary-english.trsl
File: translations-basic-dictionary-english.trsl (english translation file `tra
nslations-basic-dictionary')
)
Package translations Info: loading dictionary `translations-basic-dictionary' f
or `english'. on input line 54.

Package chemgreek Info: Activating mapping `upgreek' on line 54.

LaTeX Font Info:    Trying to load font information for TS1+ptm on input line 7
2.

(/usr/local/texlive/2024/texmf-dist/tex/latex/psnfss/ts1ptm.fd
File: ts1ptm.fd 2001/06/04 font definitions for TS1/ptm.
) [1

{/usr/local/texlive/2024/texmf-var/fonts/map/pdftex/updmap/pdftex.map}{/usr/loc
al/texlive/2024/texmf-dist/fonts/enc/dvips/base/8r.enc}]
\thesis@dim=\dimen275
\ct@dim=\dimen276
\cn@dim=\dimen277

Underfull \vbox (badness 10000) detected at line 72
 []


Underfull \vbox (badness 10000) detected at line 72
 []

LaTeX Font Info:    Trying to load font information for OT1+ztmcm on input line
 72.
(/usr/local/texlive/2024/texmf-dist/tex/latex/psnfss/ot1ztmcm.fd
File: ot1ztmcm.fd 2000/01/03 Fontinst v1.801 font definitions for OT1/ztmcm.
)
Package microtype Info: Loading generic protrusion settings for font family
(microtype)             `ztmcm' (encoding: OT1).
(microtype)             For optimal results, create family-specific settings.
(microtype)             See the microtype manual for details.
LaTeX Font Info:    Trying to load font information for OML+ztmcm on input line
 72.

(/usr/local/texlive/2024/texmf-dist/tex/latex/psnfss/omlztmcm.fd
File: omlztmcm.fd 2000/01/03 Fontinst v1.801 font definitions for OML/ztmcm.
)
LaTeX Font Info:    Trying to load font information for OMS+ztmcm on input line
 72.

(/usr/local/texlive/2024/texmf-dist/tex/latex/psnfss/omsztmcm.fd
File: omsztmcm.fd 2000/01/03 Fontinst v1.801 font definitions for OMS/ztmcm.
)
LaTeX Font Info:    Trying to load font information for OMX+ztmcm on input line
 72.

(/usr/local/texlive/2024/texmf-dist/tex/latex/psnfss/omxztmcm.fd
File: omxztmcm.fd 2000/01/03 Fontinst v1.801 font definitions for OMX/ztmcm.
)
(/usr/local/texlive/2024/texmf-dist/tex/latex/microtype/mt-msa.cfg
File: mt-msa.cfg 2006/02/04 v1.1 microtype config. file: AMS symbols (a) (RS)
)
(/usr/local/texlive/2024/texmf-dist/tex/latex/microtype/mt-msb.cfg
File: mt-msb.cfg 2005/06/01 v1.0 microtype config. file: AMS symbols (b) (RS)
)
LaTeX Font Info:    Font shape `OT1/ptm/bx/n' in size <12> not available
(Font)              Font shape `OT1/ptm/b/n' tried instead on input line 72.
LaTeX Font Info:    Font shape `OT1/ptm/bx/n' in size <9> not available
(Font)              Font shape `OT1/ptm/b/n' tried instead on input line 72.
LaTeX Font Info:    Font shape `OT1/ptm/bx/n' in size <7> not available
(Font)              Font shape `OT1/ptm/b/n' tried instead on input line 72.

(/usr/local/texlive/2024/texmf-dist/tex/latex/microtype/mt-eur.cfg
File: mt-eur.cfg 2006/07/31 v1.1 microtype config. file: AMS Euler Roman (RS)
) [2]
\openout2 = `abstract.aux'.


(./abstract.tex)
pdfTeX warning (ext4): destination with the same identifier (name{page.ii}) has
 been already used, duplicate ignored
<to be read again> 
                   \relax 
l.75 \include{abstract}
                        [2



] [3



] (./main.toc
LaTeX Font Info:    Font shape `OT1/ptm/bx/n' in size <10.95> not available
(Font)              Font shape `OT1/ptm/b/n' tried instead on input line 5.
LaTeX Font Info:    Font shape `OT1/ptm/bx/n' in size <8> not available
(Font)              Font shape `OT1/ptm/b/n' tried instead on input line 5.
LaTeX Font Info:    Font shape `OT1/ptm/bx/n' in size <6> not available
(Font)              Font shape `OT1/ptm/b/n' tried instead on input line 5.
 [4

])
\tf@toc=\write5
\openout5 = `main.toc'.

 [5] (./main.lot)
\tf@lot=\write6
\openout6 = `main.lot'.

 [6

]
(./main.lof [7

])
\tf@lof=\write7
\openout7 = `main.lof'.

 [8]
\openout2 = `1-introduction.aux'.

 (./1-introduction.tex
Chapter 1.
[1



] [2] [3] [4] [5]
<./figures/particle-resolved-model.pdf, id=599, 476.98201pt x 332.44202pt>
File: ./figures/particle-resolved-model.pdf Graphic file (type pdf)
<use ./figures/particle-resolved-model.pdf>
Package pdftex.def Info: ./figures/particle-resolved-model.pdf  used on input l
ine 134.
(pdftex.def)             Requested size: 469.75502pt x 327.40912pt.


LaTeX Warning: `h' float specifier changed to `ht'.

) [6] [7 <./figures/particle-resolved-model.pdf>]
\openout2 = `2-spatial-het.aux'.

 (./2-spatial-het.tex
Chapter 2.
[8




] [9] [10] [11]
<figures/chapter2/damkohler_number_figure.pdf, id=646, 722.7pt x 433.62pt>
File: figures/chapter2/damkohler_number_figure.pdf Graphic file (type pdf)
<use figures/chapter2/damkohler_number_figure.pdf>
Package pdftex.def Info: figures/chapter2/damkohler_number_figure.pdf  used on 
input line 65.
(pdftex.def)             Requested size: 469.75502pt x 281.85628pt.


LaTeX Warning: `h' float specifier changed to `ht'.

[12] [13 <./figures/chapter2/damkohler_number_figure.pdf>]
<figures/chapter2/SH-subarray-examples.pdf, id=688, 963.6pt x 578.16pt>
File: figures/chapter2/SH-subarray-examples.pdf Graphic file (type pdf)
<use figures/chapter2/SH-subarray-examples.pdf>
Package pdftex.def Info: figures/chapter2/SH-subarray-examples.pdf  used on inp
ut line 90.
(pdftex.def)             Requested size: 469.75502pt x 281.85406pt.
 [14]
<figures/chapter2/NSH-performance.pdf, id=696, 507.79083pt x 354.14308pt>
File: figures/chapter2/NSH-performance.pdf Graphic file (type pdf)
<use figures/chapter2/NSH-performance.pdf>
Package pdftex.def Info: figures/chapter2/NSH-performance.pdf  used on input li
ne 109.
(pdftex.def)             Requested size: 469.75502pt x 327.62044pt.


LaTeX Warning: `h' float specifier changed to `ht'.

[15 <./figures/chapter2/SH-subarray-examples.pdf>]
<figures/chapter2/mcNSH-performance.pdf, id=743, 507.79083pt x 353.13933pt>
File: figures/chapter2/mcNSH-performance.pdf Graphic file (type pdf)
<use figures/chapter2/mcNSH-performance.pdf>
Package pdftex.def Info: figures/chapter2/mcNSH-performance.pdf  used on input 
line 118.
(pdftex.def)             Requested size: 469.75502pt x 326.69186pt.


LaTeX Warning: `h' float specifier changed to `ht'.

[16 <./figures/chapter2/NSH-performance.pdf>]
<figures/chapter2/mcNSH-accuracy-v2.pdf, id=797, 679.63254pt x 298.00397pt>
File: figures/chapter2/mcNSH-accuracy-v2.pdf Graphic file (type pdf)
<use figures/chapter2/mcNSH-accuracy-v2.pdf>
Package pdftex.def Info: figures/chapter2/mcNSH-accuracy-v2.pdf  used on input 
line 127.
(pdftex.def)             Requested size: 469.75502pt x 205.97763pt.


LaTeX Warning: `h' float specifier changed to `ht'.

[17 <./figures/chapter2/mcNSH-performance.pdf>]
<figures/chapter2/SH-scenarios-all.pdf, id=847, 459.43005pt x 264.11987pt>
File: figures/chapter2/SH-scenarios-all.pdf Graphic file (type pdf)
<use figures/chapter2/SH-scenarios-all.pdf>
Package pdftex.def Info: figures/chapter2/SH-scenarios-all.pdf  used on input l
ine 140.
(pdftex.def)             Requested size: 469.75502pt x 270.06769pt.


LaTeX Warning: `h' float specifier changed to `ht'.

[18 <./figures/chapter2/mcNSH-accuracy-v2.pdf>]) [19 <./figures/chapter2/SH-sce
narios-all.pdf>]
\openout2 = `3-modeling-tools.aux'.

 (./3-modeling-tools.tex
Chapter 3.
[20




] [21]
LaTeX Font Info:    Font shape `OT1/ptm/bx/n' in size <5> not available
(Font)              Font shape `OT1/ptm/b/n' tried instead on input line 55.
<figures/chapter3/WRF-LES_default_sounding.pdf, id=961, 509.71992pt x 380.62262
pt>
File: figures/chapter3/WRF-LES_default_sounding.pdf Graphic file (type pdf)
<use figures/chapter3/WRF-LES_default_sounding.pdf>
Package pdftex.def Info: figures/chapter3/WRF-LES_default_sounding.pdf  used on
 input line 64.
(pdftex.def)             Requested size: 469.75502pt x 350.7985pt.
 [22] [23 <./figures/chapter3/WRF-LES_default_sounding.pdf>]
<figures/chapter3/heat-flux-and-tke-profile.pdf, id=1013, 517.85971pt x 402.253
42pt>
File: figures/chapter3/heat-flux-and-tke-profile.pdf Graphic file (type pdf)
<use figures/chapter3/heat-flux-and-tke-profile.pdf>
Package pdftex.def Info: figures/chapter3/heat-flux-and-tke-profile.pdf  used o
n input line 86.
(pdftex.def)             Requested size: 469.75502pt x 364.89725pt.
 [24 <./figures/chapter3/heat-flux-and-tke-profile.pdf>] [25] [26] [27]

LaTeX Warning: `h' float specifier changed to `ht'.

<figures/chapter3/urban-plume-aerosol-ic.pdf, id=1089, 492.64049pt x 364.86815p
t>
File: figures/chapter3/urban-plume-aerosol-ic.pdf Graphic file (type pdf)
<use figures/chapter3/urban-plume-aerosol-ic.pdf>
Package pdftex.def Info: figures/chapter3/urban-plume-aerosol-ic.pdf  used on i
nput line 188.
(pdftex.def)             Requested size: 399.29463pt x 295.73643pt.
<figures/chapter3/urban-plume-aerosol-emissions.pdf, id=1090, 513.84471pt x 364
.86815pt>
File: figures/chapter3/urban-plume-aerosol-emissions.pdf Graphic file (type pdf
)
<use figures/chapter3/urban-plume-aerosol-emissions.pdf>
Package pdftex.def Info: figures/chapter3/urban-plume-aerosol-emissions.pdf  us
ed on input line 195.
(pdftex.def)             Requested size: 399.29463pt x 283.54376pt.

LaTeX Warning: Float too large for page by 1.27654pt on input line 199.


LaTeX Warning: `h' float specifier changed to `ht'.

) [28] [29] [30 <./figures/chapter3/urban-plume-aerosol-ic.pdf> <./figures/chap
ter3/urban-plume-aerosol-emissions.pdf>]
\openout2 = `4-spatial-het-gas-phase.aux'.

 (./4-spatial-het-gas-phase.tex
Chapter 4.

Overfull \hbox (4.03891pt too wide) in paragraph at lines 2--2
|\OT1/ptm/b/n/20.74 (-20) Impacts of emis-sions spa-tial het-ero-gene-ity on ga
s-phase
 []

<./figures/SH-scenarios-main-runs.pdf, id=1207, 294.72836pt x 305.04277pt>
File: ./figures/SH-scenarios-main-runs.pdf Graphic file (type pdf)
<use ./figures/SH-scenarios-main-runs.pdf>
Package pdftex.def Info: ./figures/SH-scenarios-main-runs.pdf  used on input li
ne 10.
(pdftex.def)             Requested size: 328.82707pt x 340.34229pt.

LaTeX Warning: `h' float specifier changed to `ht'.

[31




]
<figures/chapter4/o3-crosssec-uniform-basecase-z25.pdf, id=1213, 889.28586pt x 
291.48804pt>
File: figures/chapter4/o3-crosssec-uniform-basecase-z25.pdf Graphic file (type 
pdf)
<use figures/chapter4/o3-crosssec-uniform-basecase-z25.pdf>
Package pdftex.def Info: figures/chapter4/o3-crosssec-uniform-basecase-z25.pdf 
 used on input line 29.
(pdftex.def)             Requested size: 469.75502pt x 153.97198pt.
 [32 <./figures/SH-scenarios-main-runs.pdf>]
<figures/chapter4/o3-crosssec-fx1fy0-z25.pdf, id=1261, 889.28586pt x 291.48804p
t>
File: figures/chapter4/o3-crosssec-fx1fy0-z25.pdf Graphic file (type pdf)
<use figures/chapter4/o3-crosssec-fx1fy0-z25.pdf>
Package pdftex.def Info: figures/chapter4/o3-crosssec-fx1fy0-z25.pdf  used on i
nput line 42.
(pdftex.def)             Requested size: 422.77664pt x 138.57388pt.


LaTeX Warning: `h' float specifier changed to `ht'.

<figures/chapter4/o3-crosssec-road-10x-z25.pdf, id=1262, 889.28586pt x 291.4880
4pt>
File: figures/chapter4/o3-crosssec-road-10x-z25.pdf Graphic file (type pdf)
<use figures/chapter4/o3-crosssec-road-10x-z25.pdf>
Package pdftex.def Info: figures/chapter4/o3-crosssec-road-10x-z25.pdf  used on
 input line 49.
(pdftex.def)             Requested size: 422.77664pt x 138.57388pt.

LaTeX Warning: `h' float specifier changed to `ht'.

<figures/chapter4/o3-crosssec-point-source-1x1-z25.pdf, id=1263, 889.28586pt x 
291.48804pt>
File: figures/chapter4/o3-crosssec-point-source-1x1-z25.pdf Graphic file (type 
pdf)
<use figures/chapter4/o3-crosssec-point-source-1x1-z25.pdf>
Package pdftex.def Info: figures/chapter4/o3-crosssec-point-source-1x1-z25.pdf 
 used on input line 56.
(pdftex.def)             Requested size: 422.77664pt x 138.57388pt.

LaTeX Warning: `!h' float specifier changed to `!ht'.

[33 <./figures/chapter4/o3-crosssec-uniform-basecase-z25.pdf>]
<figures/chapter4/vertical-profiles-time36.pdf, id=1300, 859.95026pt x 343.0080
4pt>
File: figures/chapter4/vertical-profiles-time36.pdf Graphic file (type pdf)
<use figures/chapter4/vertical-profiles-time36.pdf>
Package pdftex.def Info: figures/chapter4/vertical-profiles-time36.pdf  used on
 input line 68.
(pdftex.def)             Requested size: 469.75502pt x 187.3727pt.
 [34 <./figures/chapter4/o3-crosssec-fx1fy0-z25.pdf> <./figures/chapter4/o3-cro
sssec-road-10x-z25.pdf> <./figures/chapter4/o3-crosssec-point-source-1x1-z25.pd
f>] [35 <./figures/chapter4/vertical-profiles-time36.pdf>]
<figures/chapter4/height-time-o3-four-scenarios.pdf, id=1451, 413.71791pt x 304
.8307pt>
File: figures/chapter4/height-time-o3-four-scenarios.pdf Graphic file (type pdf
)
<use figures/chapter4/height-time-o3-four-scenarios.pdf>
Package pdftex.def Info: figures/chapter4/height-time-o3-four-scenarios.pdf  us
ed on input line 88.
(pdftex.def)             Requested size: 469.75502pt x 346.14311pt.


LaTeX Warning: Reference `fig:o3-height-time-ub' on page 36 undefined on input 
line 93.


LaTeX Warning: Reference `fig:o3-height-time-s1' on page 36 undefined on input 
line 93.


LaTeX Warning: Reference `fig:o3-height-time-s3' on page 36 undefined on input 
line 93.

[36 <./figures/chapter4/height-time-o3-four-scenarios.pdf>]

LaTeX Warning: Reference `fig:o3-height-time-ub' on page 37 undefined on input 
line 95.


LaTeX Warning: Reference `fig:o3-height-time-s3' on page 37 undefined on input 
line 95.


LaTeX Warning: Reference `fig:o3-height-time-pdiff-s1' on page 37 undefined on 
input line 98.


LaTeX Warning: Reference `fig:o3-height-time-pdiff-s3' on page 37 undefined on 
input line 98.

<figures/chapter4/height-time-o3-pdiff-four-scenarios.pdf, id=1501, 413.71791pt
 x 304.8307pt>
File: figures/chapter4/height-time-o3-pdiff-four-scenarios.pdf Graphic file (ty
pe pdf)
<use figures/chapter4/height-time-o3-pdiff-four-scenarios.pdf>
Package pdftex.def Info: figures/chapter4/height-time-o3-pdiff-four-scenarios.p
df  used on input line 106.
(pdftex.def)             Requested size: 469.75502pt x 346.14311pt.

LaTeX Warning: `h' float specifier changed to `ht'.


LaTeX Warning: Reference `fig:o3-height-time-pdiff-s1' on page 37 undefined on 
input line 111.


LaTeX Warning: Reference `fig:o3-height-time-pdiff-s2' on page 37 undefined on 
input line 113.


LaTeX Warning: Reference `fig:o3-height-time-pdiff-s3' on page 37 undefined on 
input line 113.

[37]
<figures/chapter4/height-time-nsh-multivar-uniform-basecase.pdf, id=1508, 479.4
1089pt x 294.34622pt>
File: figures/chapter4/height-time-nsh-multivar-uniform-basecase.pdf Graphic fi
le (type pdf)
<use figures/chapter4/height-time-nsh-multivar-uniform-basecase.pdf>
Package pdftex.def Info: figures/chapter4/height-time-nsh-multivar-uniform-base
case.pdf  used on input line 121.
(pdftex.def)             Requested size: 455.66293pt x 279.76656pt.


LaTeX Warning: `h' float specifier changed to `ht'.

[38 <./figures/chapter4/height-time-o3-pdiff-four-scenarios.pdf>]
<figures/chapter4/height-time-nsh-multivar-fx1fy0.pdf, id=1555, 479.41089pt x 2
94.34622pt>
File: figures/chapter4/height-time-nsh-multivar-fx1fy0.pdf Graphic file (type p
df)
<use figures/chapter4/height-time-nsh-multivar-fx1fy0.pdf>
Package pdftex.def Info: figures/chapter4/height-time-nsh-multivar-fx1fy0.pdf  
used on input line 132.
(pdftex.def)             Requested size: 455.66293pt x 279.76656pt.


LaTeX Warning: `h' float specifier changed to `ht'.

[39 <./figures/chapter4/height-time-nsh-multivar-uniform-basecase.pdf>]
<figures/chapter4/height-time-nsh-multivar-road-10x.pdf, id=1597, 479.41089pt x
 294.34622pt>
File: figures/chapter4/height-time-nsh-multivar-road-10x.pdf Graphic file (type
 pdf)
<use figures/chapter4/height-time-nsh-multivar-road-10x.pdf>
Package pdftex.def Info: figures/chapter4/height-time-nsh-multivar-road-10x.pdf
  used on input line 141.
(pdftex.def)             Requested size: 455.66293pt x 279.76656pt.


LaTeX Warning: `h' float specifier changed to `ht'.

<figures/chapter4/height-time-nsh-multivar-point-source-1x1.pdf, id=1598, 479.4
1089pt x 294.34622pt>
File: figures/chapter4/height-time-nsh-multivar-point-source-1x1.pdf Graphic fi
le (type pdf)
<use figures/chapter4/height-time-nsh-multivar-point-source-1x1.pdf>
Package pdftex.def Info: figures/chapter4/height-time-nsh-multivar-point-source
-1x1.pdf  used on input line 148.
(pdftex.def)             Requested size: 455.66293pt x 279.76656pt.
[40 <./figures/chapter4/height-time-nsh-multivar-fx1fy0.pdf>] [41 <./figures/ch
apter4/height-time-nsh-multivar-road-10x.pdf>] [42 <./figures/chapter4/height-t
ime-nsh-multivar-point-source-1x1.pdf>]) [43]
\openout2 = `5-spatial-het-aerosols.aux'.

 (./5-spatial-het-aerosols.tex
Chapter 5.
<figures/chapter5/ideal-coag/ideal-coag-SH-scenarios.pdf, id=1742, 459.43005pt 
x 264.11987pt>
File: figures/chapter5/ideal-coag/ideal-coag-SH-scenarios.pdf Graphic file (typ
e pdf)
<use figures/chapter5/ideal-coag/ideal-coag-SH-scenarios.pdf>
Package pdftex.def Info: figures/chapter5/ideal-coag/ideal-coag-SH-scenarios.pd
f  used on input line 14.
(pdftex.def)             Requested size: 469.75502pt x 270.06769pt.

LaTeX Warning: `h' float specifier changed to `ht'.

[44




]
<figures/chapter5/ideal-coag/NumConcTimescale_composite.pdf, id=1748, 469.755pt
 x 505.89pt>
File: figures/chapter5/ideal-coag/NumConcTimescale_composite.pdf Graphic file (
type pdf)
<use figures/chapter5/ideal-coag/NumConcTimescale_composite.pdf>
Package pdftex.def Info: figures/chapter5/ideal-coag/NumConcTimescale_composite
.pdf  used on input line 27.
(pdftex.def)             Requested size: 469.75502pt x 505.88875pt.


LaTeX Warning: `!h' float specifier changed to `!ht'.

[45 <./figures/chapter5/ideal-coag/ideal-coag-SH-scenarios.pdf>] [46 <./figures
/chapter5/ideal-coag/NumConcTimescale_composite.pdf>]
<figures/chapter5/ideal-coag/TimeTo75pcnt_vs_SH.pdf, id=1818, 502.678pt x 345.5
7733pt>
File: figures/chapter5/ideal-coag/TimeTo75pcnt_vs_SH.pdf Graphic file (type pdf
)
<use figures/chapter5/ideal-coag/TimeTo75pcnt_vs_SH.pdf>
Package pdftex.def Info: figures/chapter5/ideal-coag/TimeTo75pcnt_vs_SH.pdf  us
ed on input line 38.
(pdftex.def)             Requested size: 469.75502pt x 322.95496pt.
 [47 <./figures/chapter5/ideal-coag/TimeTo75pcnt_vs_SH.pdf>]
<figures/SH-scenarios-main-runs.pdf, id=1864, 294.72836pt x 305.04277pt>
File: figures/SH-scenarios-main-runs.pdf Graphic file (type pdf)
<use figures/SH-scenarios-main-runs.pdf>
Package pdftex.def Info: figures/SH-scenarios-main-runs.pdf  used on input line
 54.
(pdftex.def)             Requested size: 328.82707pt x 340.34229pt.
 [48 <./figures/SH-scenarios-main-runs.pdf>]
<figures/chapter5/number-distribution-plots.pdf, id=1909, 469.755pt x 491.8375p
t>
File: figures/chapter5/number-distribution-plots.pdf Graphic file (type pdf)
<use figures/chapter5/number-distribution-plots.pdf>
Package pdftex.def Info: figures/chapter5/number-distribution-plots.pdf  used o
n input line 66.
(pdftex.def)             Requested size: 469.75502pt x 491.83629pt.

[49]
<figures/chapter5/mass-distribution-plots.pdf, id=1918, 469.755pt x 491.8375pt>

File: figures/chapter5/mass-distribution-plots.pdf Graphic file (type pdf)
<use figures/chapter5/mass-distribution-plots.pdf>
Package pdftex.def Info: figures/chapter5/mass-distribution-plots.pdf  used on 
input line 81.
(pdftex.def)             Requested size: 469.75502pt x 491.83629pt.
 [50 <./figures/chapter5/number-distribution-plots.pdf>] [51 <./figures/chapter
5/mass-distribution-plots.pdf>]
<figures/chapter5/height-time-pmc_SO4-four-scenarios.pdf, id=1964, 413.71791pt 
x 304.8307pt>
File: figures/chapter5/height-time-pmc_SO4-four-scenarios.pdf Graphic file (typ
e pdf)
<use figures/chapter5/height-time-pmc_SO4-four-scenarios.pdf>
Package pdftex.def Info: figures/chapter5/height-time-pmc_SO4-four-scenarios.pd
f  used on input line 97.
(pdftex.def)             Requested size: 469.75502pt x 346.14311pt.
<figures/chapter5/height-time-pmc_NH4-four-scenarios.pdf, id=1966, 413.71791pt 
x 304.8307pt>
File: figures/chapter5/height-time-pmc_NH4-four-scenarios.pdf Graphic file (typ
e pdf)
<use figures/chapter5/height-time-pmc_NH4-four-scenarios.pdf>
Package pdftex.def Info: figures/chapter5/height-time-pmc_NH4-four-scenarios.pd
f  used on input line 110.
(pdftex.def)             Requested size: 469.75502pt x 346.14311pt.
 [52]
<figures/chapter5/height-time-pmc_NO3-four-scenarios.pdf, id=1973, 413.71791pt 
x 305.92856pt>
File: figures/chapter5/height-time-pmc_NO3-four-scenarios.pdf Graphic file (typ
e pdf)
<use figures/chapter5/height-time-pmc_NO3-four-scenarios.pdf>
Package pdftex.def Info: figures/chapter5/height-time-pmc_NO3-four-scenarios.pd
f  used on input line 119.
(pdftex.def)             Requested size: 469.75502pt x 347.38974pt.
 [53 <./figures/chapter5/height-time-pmc_SO4-four-scenarios.pdf>]
<figures/chapter5/aerosol-SNA-vertical-profiles-time36.pdf, id=2022, 856.07254p
t x 342.00429pt>
File: figures/chapter5/aerosol-SNA-vertical-profiles-time36.pdf Graphic file (t
ype pdf)
<use figures/chapter5/aerosol-SNA-vertical-profiles-time36.pdf>
Package pdftex.def Info: figures/chapter5/aerosol-SNA-vertical-profiles-time36.
pdf  used on input line 130.
(pdftex.def)             Requested size: 469.75502pt x 187.66978pt.
 [54 <./figures/chapter5/height-time-pmc_NH4-four-scenarios.pdf>]

LaTeX Warning: Text page 55 contains only floats.

[55 <./figures/chapter5/height-time-pmc_NO3-four-scenarios.pdf> <./figures/chap
ter5/aerosol-SNA-vertical-profiles-time36.pdf>]
<figures/chapter5/speciated-mass-frac-four-panel-uniform-basecase-z40.pdf, id=2
164, 429.36034pt x 396.29118pt>
File: figures/chapter5/speciated-mass-frac-four-panel-uniform-basecase-z40.pdf 
Graphic file (type pdf)
<use figures/chapter5/speciated-mass-frac-four-panel-uniform-basecase-z40.pdf>
Package pdftex.def Info: figures/chapter5/speciated-mass-frac-four-panel-unifor
m-basecase-z40.pdf  used on input line 145.
(pdftex.def)             Requested size: 469.75502pt x 433.58752pt.
 [56] [57 <./figures/chapter5/speciated-mass-frac-four-panel-uniform-basecase-z
40.pdf>]
<figures/chapter5/speciated-mass-frac-four-panel-point-source-1x1-z40.pdf, id=2
230, 429.36034pt x 396.29118pt>
File: figures/chapter5/speciated-mass-frac-four-panel-point-source-1x1-z40.pdf 
Graphic file (type pdf)
<use figures/chapter5/speciated-mass-frac-four-panel-point-source-1x1-z40.pdf>
Package pdftex.def Info: figures/chapter5/speciated-mass-frac-four-panel-point-
source-1x1-z40.pdf  used on input line 193.
(pdftex.def)             Requested size: 469.75502pt x 433.58752pt.
 [58] [59 <./figures/chapter5/speciated-mass-frac-four-panel-point-source-1x1-z
40.pdf>] [60]
<figures/chapter5/height-time-ccn-pdiff-fx1fy0.pdf, id=2301, 413.71791pt x 304.
68956pt>
File: figures/chapter5/height-time-ccn-pdiff-fx1fy0.pdf Graphic file (type pdf)

<use figures/chapter5/height-time-ccn-pdiff-fx1fy0.pdf>
Package pdftex.def Info: figures/chapter5/height-time-ccn-pdiff-fx1fy0.pdf  use
d on input line 232.
(pdftex.def)             Requested size: 469.75502pt x 345.98285pt.
 [61 <./figures/chapter5/height-time-ccn-pdiff-fx1fy0.pdf>]
<figures/chapter5/height-time-ccn-pdiff-road-10x.pdf, id=2346, 413.71791pt x 30
4.68956pt>
File: figures/chapter5/height-time-ccn-pdiff-road-10x.pdf Graphic file (type pd
f)
<use figures/chapter5/height-time-ccn-pdiff-road-10x.pdf>
Package pdftex.def Info: figures/chapter5/height-time-ccn-pdiff-road-10x.pdf  u
sed on input line 240.
(pdftex.def)             Requested size: 469.75502pt x 345.98285pt.
 [62 <./figures/chapter5/height-time-ccn-pdiff-road-10x.pdf>]
<figures/chapter5/height-time-ccn-pdiff-point-source-1x1.pdf, id=2391, 413.7179
1pt x 304.68956pt>
File: figures/chapter5/height-time-ccn-pdiff-point-source-1x1.pdf Graphic file 
(type pdf)
<use figures/chapter5/height-time-ccn-pdiff-point-source-1x1.pdf>
Package pdftex.def Info: figures/chapter5/height-time-ccn-pdiff-point-source-1x
1.pdf  used on input line 248.
(pdftex.def)             Requested size: 469.75502pt x 345.98285pt.
) [63 <./figures/chapter5/height-time-ccn-pdiff-point-source-1x1.pdf>]
\openout2 = `6-conclusions.aux'.

 (./6-conclusions.tex
Chapter 6.
) [64




]
Package microtype Info: Loading generic protrusion settings for font family
(microtype)             `cmtt' (encoding: OT1).
(microtype)             For optimal results, create family-specific settings.
(microtype)             See the microtype manual for details.

Overfull \hbox (14.01434pt too wide) in paragraph at lines 131--131
\OT1/cmtt/m/n/10.95 journal -[] of -[] fluid -[] mechanics / article / numerica
l -[] study -[] of -[] threedimensional -[] turbulent -[]
 []

[65




]
Overfull \hbox (1.04666pt too wide) in paragraph at lines 131--131
\OT1/ptm/m/n/10.95 (-20) ecol-ogy". en. In: \OT1/ptm/m/it/10.95 (-20) Ecol-ogy 
Let-ters \OT1/ptm/m/n/10.95 (-20) 25.10. []eprint: https://onlinelibrary.wiley.
com/doi/pdf/10.1111/ele.14084,
 []

[66]
Overfull \hbox (122.85078pt too wide) in paragraph at lines 131--131
\OT1/ptm/m/n/10.95 (-20) en. In: \OT1/ptm/m/it/10.95 (-20) Jour-nal of Geo-phys
-i-cal Re-search: At-mo-spheres \OT1/ptm/m/n/10.95 (-20) 114.D9. []eprint: http
s://onlinelibrary.wiley.com/doi/pdf/10.1029/2008JD011073.
 []


Overfull \hbox (66.00247pt too wide) in paragraph at lines 131--131
\OT1/ptm/m/it/10.95 (-20) graph-i-cal In-for-ma-tion Sci-ence \OT1/ptm/m/n/10.9
5 (-20) 33.7. Pub-lisher: Tay-lor & Fran-cis []eprint: https://doi.org/10.1080/
13658816.2019.1577432,
 []

[67]
Overfull \hbox (8.84402pt too wide) in paragraph at lines 131--131
\OT1/ptm/m/it/10.95 (-20) Geo-phys-i-cal Re-search Let-ters \OT1/ptm/m/n/10.95 
(-20) 49.7. []eprint: https://onlinelibrary.wiley.com/doi/pdf/10.1029/2021GL097
070,
 []


Overfull \hbox (47.24539pt too wide) in paragraph at lines 131--131
[][]\OT1/ptm/m/n/10.95 (-20) Wang, Yut-ing, Yong-Feng Ma, Domingo Mu[]noz-Espar
za, Jian-ing Dai, et al. (May 2023). \  Cou-pled mesoscale{microscale
 []

[68]
Overfull \hbox (186.26581pt too wide) in paragraph at lines 131--131
\OT1/ptm/m/n/10.95 (-20) (MO-SAIC)". en. In: \OT1/ptm/m/it/10.95 (-20) Jour-nal
 of Geo-phys-i-cal Re-search: At-mo-spheres \OT1/ptm/m/n/10.95 (-20) 113.D13. [
]eprint: https://onlinelibrary.wiley.com/doi/pdf/10.1029/2007JD008782.
 []

[69] (./main.aux (./abstract.aux) (./1-introduction.aux) (./2-spatial-het.aux)
(./3-modeling-tools.aux) (./4-spatial-het-gas-phase.aux)
(./5-spatial-het-aerosols.aux) (./6-conclusions.aux))
 ***********
LaTeX2e <2023-11-01> patch level 1
L3 programming layer <2024-02-20>
 ***********


LaTeX Warning: There were undefined references.

Package rerunfilecheck Info: File `main.out' has not changed.
(rerunfilecheck)             Checksum: 1533FF73F778F084591D6BA6506471DD;11871.
Package logreq Info: Writing requests to 'main.run.xml'.
\openout1 = `main.run.xml'.

 ) 
Here is how much of TeX's memory you used:
 31616 strings out of 474116
 630797 string characters out of 5743682
 1962187 words of memory out of 5000000
 52985 multiletter control sequences out of 15000+600000
 621465 words of font info for 360 fonts, out of 8000000 for 9000
 1141 hyphenation exceptions out of 8191
 75i,13n,81p,4457b,2902s stack positions out of 10000i,1000n,20000p,200000b,200000s
</usr/local/texlive/2024/texmf-dist/fonts/type1/public/amsfonts/cm/cmex10.pfb
></usr/local/texlive/2024/texmf-dist/fonts/type1/public/amsfonts/cm/cmmi10.pfb>
</usr/local/texlive/2024/texmf-dist/fonts/type1/public/amsfonts/cm/cmmi12.pfb><
/usr/local/texlive/2024/texmf-dist/fonts/type1/public/amsfonts/cm/cmr10.pfb></u
sr/local/texlive/2024/texmf-dist/fonts/type1/public/amsfonts/cm/cmr12.pfb></usr
/local/texlive/2024/texmf-dist/fonts/type1/public/amsfonts/cm/cmsy10.pfb></usr/
local/texlive/2024/texmf-dist/fonts/type1/public/amsfonts/cm/cmtt10.pfb></usr/l
ocal/texlive/2024/texmf-dist/fonts/type1/public/amsfonts/euler/eurm10.pfb></usr
/local/texlive/2024/texmf-dist/fonts/type1/public/amsfonts/symbols/msam10.pfb><
/usr/local/texlive/2024/texmf-dist/fonts/type1/public/amsfonts/symbols/msbm10.p
fb></usr/local/texlive/2024/texmf-dist/fonts/type1/urw/symbol/usyr.pfb></usr/lo
cal/texlive/2024/texmf-dist/fonts/type1/urw/symbol/usyr.pfb></usr/local/texlive
/2024/texmf-dist/fonts/type1/urw/times/utmb8a.pfb></usr/local/texlive/2024/texm
f-dist/fonts/type1/urw/times/utmr8a.pfb></usr/local/texlive/2024/texmf-dist/fon
ts/type1/urw/times/utmri8a.pfb>
Output written on main.pdf (78 pages, 10176591 bytes).
PDF statistics:
 2666 PDF objects out of 2984 (max. 8388607)
 1461 compressed objects within 15 object streams
 229 named destinations out of 1000 (max. 500000)
 82559 words of extra memory for PDF output out of 89155 (max. 10000000)

